<component name="libraryTable">
  <library name="junit-4.5">
    <CLASSES>
      <root url="jar://$PROJECT_DIR$/../../BaseLine/libs/Testing/junit-4.5.jar!/" />
    </CLASSES>
    <JAVADOC />
    <SOURCES />
  </library>
</component>